
> dental-software@0.1.0 build
> next build

   ▲ Next.js 15.5.12
   - Environments: .env.local

   Creating an optimized production build ...
<w> [webpack.cache.PackFileCacheStrategy] Serializing big strings (128kiB) impacts deserialization performance (consider using Buffer instead and decode when needed)
 ⚠ Compiled with warnings in 4.0s

./node_modules/@supabase/realtime-js/dist/module/lib/websocket-factory.js
A Node.js API is used (process.versions at line: 39) which is not supported in the Edge Runtime.
Learn more: https://nextjs.org/docs/api-reference/edge-runtime

Import trace for requested module:
./node_modules/@supabase/realtime-js/dist/module/lib/websocket-factory.js
./node_modules/@supabase/realtime-js/dist/module/index.js
./node_modules/@supabase/supabase-js/dist/module/index.js
./node_modules/@supabase/ssr/dist/module/createServerClient.js
./node_modules/@supabase/ssr/dist/module/index.js

./node_modules/@supabase/supabase-js/dist/module/index.js
A Node.js API is used (process.version at line: 32) which is not supported in the Edge Runtime.
Learn more: https://nextjs.org/docs/api-reference/edge-runtime

Import trace for requested module:
./node_modules/@supabase/supabase-js/dist/module/index.js
./node_modules/@supabase/ssr/dist/module/createServerClient.js
./node_modules/@supabase/ssr/dist/module/index.js

socket hang up

Retrying 1/3...
socket hang up

Retrying 1/3...
socket hang up

Retrying 1/3...
socket hang up

Retrying 1/3...
socket hang up

Retrying 1/3...
socket hang up

Retrying 1/3...
socket hang up

Retrying 1/3...
socket hang up

Retrying 1/3...
socket hang up

Retrying 1/3...
socket hang up

Retrying 1/3...
socket hang up

Retrying 1/3...
socket hang up

Retrying 1/3...
socket hang up

Retrying 1/3...
socket hang up

Retrying 1/3...
socket hang up

Retrying 1/3...
socket hang up

Retrying 1/3...
socket hang up

Retrying 1/3...
socket hang up

Retrying 1/3...
socket hang up

Retrying 1/3...
socket hang up

Retrying 1/3...
socket hang up

Retrying 1/3...
socket hang up

Retrying 1/3...
socket hang up

Retrying 1/3...
socket hang up

Retrying 1/3...
socket hang up

Retrying 1/3...
socket hang up

Retrying 1/3...
socket hang up

Retrying 1/3...
socket hang up

Retrying 1/3...
socket hang up

Retrying 1/3...
socket hang up

Retrying 1/3...
socket hang up

Retrying 1/3...
socket hang up

Retrying 1/3...
socket hang up

Retrying 1/3...
socket hang up

Retrying 1/3...
socket hang up

Retrying 1/3...
socket hang up

Retrying 1/3...
socket hang up

Retrying 1/3...
socket hang up

Retrying 1/3...
socket hang up

Retrying 1/3...
socket hang up

Retrying 1/3...
socket hang up

Retrying 1/3...
socket hang up

Retrying 1/3...
socket hang up

Retrying 1/3...
socket hang up

Retrying 1/3...
socket hang up

Retrying 1/3...
socket hang up

Retrying 1/3...
socket hang up

Retrying 1/3...
socket hang up

Retrying 1/3...
socket hang up

Retrying 1/3...
socket hang up

Retrying 1/3...
socket hang up

Retrying 1/3...
socket hang up

Retrying 1/3...
socket hang up

Retrying 1/3...
socket hang up

Retrying 1/3...
socket hang up

Retrying 1/3...
socket hang up

Retrying 1/3...
socket hang up

Retrying 1/3...
socket hang up

Retrying 1/3...
socket hang up

Retrying 1/3...
socket hang up

Retrying 1/3...
socket hang up

Retrying 1/3...


Retrying 2/3...


Retrying 2/3...


Retrying 2/3...


Retrying 2/3...


Retrying 2/3...


Retrying 2/3...


Retrying 2/3...


Retrying 2/3...


Retrying 2/3...


Retrying 2/3...


Retrying 2/3...


Retrying 2/3...


Retrying 2/3...


Retrying 2/3...


Retrying 2/3...


Retrying 2/3...


Retrying 2/3...


Retrying 2/3...


Retrying 2/3...


Retrying 2/3...


Retrying 2/3...


Retrying 2/3...


Retrying 2/3...


Retrying 2/3...


Retrying 2/3...


Retrying 2/3...


Retrying 2/3...


Retrying 2/3...


Retrying 2/3...


Retrying 2/3...


Retrying 2/3...


Retrying 2/3...


Retrying 2/3...


Retrying 2/3...


Retrying 2/3...


Retrying 2/3...


Retrying 2/3...


Retrying 2/3...


Retrying 2/3...


Retrying 2/3...


Retrying 2/3...


Retrying 2/3...


Retrying 2/3...


Retrying 2/3...


Retrying 2/3...


Retrying 2/3...


Retrying 2/3...


Retrying 2/3...


Retrying 2/3...


Retrying 2/3...


Retrying 2/3...


Retrying 3/3...


Retrying 3/3...


Retrying 3/3...


Retrying 3/3...


Retrying 3/3...


Retrying 3/3...


Retrying 3/3...


Retrying 3/3...


Retrying 3/3...


Retrying 3/3...


Retrying 3/3...


Retrying 3/3...


Retrying 3/3...


Retrying 3/3...


Retrying 3/3...


Retrying 3/3...


Retrying 3/3...


Retrying 3/3...


Retrying 3/3...


Retrying 3/3...


Retrying 3/3...


Retrying 3/3...


Retrying 3/3...


Retrying 3/3...


Retrying 3/3...


Retrying 3/3...


Retrying 3/3...


Retrying 3/3...


Retrying 3/3...


Retrying 3/3...


Retrying 3/3...


Retrying 3/3...


Retrying 3/3...


Retrying 3/3...


Retrying 3/3...


Retrying 3/3...


Retrying 3/3...


Retrying 3/3...


Retrying 3/3...


Retrying 3/3...


Retrying 3/3...


Retrying 3/3...


Retrying 3/3...


Retrying 3/3...


Retrying 3/3...


Retrying 3/3...


Retrying 3/3...


Retrying 3/3...


Retrying 3/3...


Retrying 3/3...


Retrying 3/3...
[AggregateError: ] { code: 'ETIMEDOUT' }
[AggregateError: ] { code: 'ETIMEDOUT' }
[AggregateError: ] { code: 'ETIMEDOUT' }
[AggregateError: ] { code: 'ETIMEDOUT' }
[AggregateError: ] { code: 'ETIMEDOUT' }
[AggregateError: ] { code: 'ETIMEDOUT' }
[AggregateError: ] { code: 'ETIMEDOUT' }
[AggregateError: ] { code: 'ETIMEDOUT' }
[AggregateError: ] { code: 'ETIMEDOUT' }
[AggregateError: ] { code: 'ETIMEDOUT' }
[AggregateError: ] { code: 'ETIMEDOUT' }
[AggregateError: ] { code: 'ETIMEDOUT' }
[AggregateError: ] { code: 'ETIMEDOUT' }
[AggregateError: ] { code: 'ETIMEDOUT' }
[AggregateError: ] { code: 'ETIMEDOUT' }
[AggregateError: ] { code: 'ETIMEDOUT' }
[AggregateError: ] { code: 'ETIMEDOUT' }
[AggregateError: ] { code: 'ETIMEDOUT' }
[AggregateError: ] { code: 'ETIMEDOUT' }
[AggregateError: ] { code: 'ETIMEDOUT' }
[AggregateError: ] { code: 'ETIMEDOUT' }
[AggregateError: ] { code: 'ETIMEDOUT' }
[AggregateError: ] { code: 'ETIMEDOUT' }
[AggregateError: ] { code: 'ETIMEDOUT' }
[AggregateError: ] { code: 'ETIMEDOUT' }
[AggregateError: ] { code: 'ETIMEDOUT' }
[AggregateError: ] { code: 'ETIMEDOUT' }
[AggregateError: ] { code: 'ETIMEDOUT' }
[AggregateError: ] { code: 'ETIMEDOUT' }
[AggregateError: ] { code: 'ETIMEDOUT' }
[AggregateError: ] { code: 'ETIMEDOUT' }
[AggregateError: ] { code: 'ETIMEDOUT' }
[AggregateError: ] { code: 'ETIMEDOUT' }
[AggregateError: ] { code: 'ETIMEDOUT' }
[AggregateError: ] { code: 'ETIMEDOUT' }
[AggregateError: ] { code: 'ETIMEDOUT' }
[AggregateError: ] { code: 'ETIMEDOUT' }
[AggregateError: ] { code: 'ETIMEDOUT' }
[AggregateError: ] { code: 'ETIMEDOUT' }
[AggregateError: ] { code: 'ETIMEDOUT' }
[AggregateError: ] { code: 'ETIMEDOUT' }
[AggregateError: ] { code: 'ETIMEDOUT' }
[AggregateError: ] { code: 'ETIMEDOUT' }
[AggregateError: ] { code: 'ETIMEDOUT' }
[AggregateError: ] { code: 'ETIMEDOUT' }
[AggregateError: ] { code: 'ETIMEDOUT' }
[AggregateError: ] { code: 'ETIMEDOUT' }
[AggregateError: ] { code: 'ETIMEDOUT' }
[AggregateError: ] { code: 'ETIMEDOUT' }
[AggregateError: ] { code: 'ETIMEDOUT' }
[AggregateError: ] { code: 'ETIMEDOUT' }
read ECONNRESET

Retrying 2/3...


Retrying 3/3...
[AggregateError: ] { code: 'ETIMEDOUT' }
read ECONNRESET

Retrying 2/3...
read ECONNRESET

Retrying 2/3...
read ECONNRESET

Retrying 2/3...
read ECONNRESET

Retrying 2/3...


Retrying 3/3...


Retrying 3/3...
socket hang up

Retrying 1/3...
socket hang up

Retrying 1/3...
socket hang up

Retrying 1/3...
socket hang up

Retrying 1/3...
read ECONNRESET

Retrying 1/3...
read ECONNRESET

Retrying 1/3...
read ECONNRESET

Retrying 1/3...
read ECONNRESET

Retrying 1/3...
read ECONNRESET

Retrying 1/3...
read ECONNRESET

Retrying 1/3...
read ECONNRESET

Retrying 1/3...
read ECONNRESET

Retrying 1/3...
read ECONNRESET

Retrying 1/3...
read ECONNRESET

Retrying 1/3...
read ECONNRESET

Retrying 1/3...
read ECONNRESET

Retrying 1/3...
read ECONNRESET

Retrying 1/3...
read ECONNRESET

Retrying 1/3...
read ECONNRESET

Retrying 1/3...
read ECONNRESET

Retrying 1/3...
read ECONNRESET

Retrying 1/3...
read ECONNRESET

Retrying 1/3...
read ECONNRESET

Retrying 1/3...
read ECONNRESET

Retrying 1/3...
read ECONNRESET

Retrying 1/3...
read ECONNRESET

Retrying 1/3...
read ECONNRESET

Retrying 1/3...
read ECONNRESET

Retrying 1/3...
read ECONNRESET

Retrying 1/3...
read ECONNRESET

Retrying 1/3...
read ECONNRESET

Retrying 1/3...
read ECONNRESET

Retrying 1/3...
read ECONNRESET

Retrying 1/3...
read ECONNRESET

Retrying 1/3...
read ECONNRESET

Retrying 1/3...
read ECONNRESET

Retrying 1/3...
read ECONNRESET

Retrying 1/3...
read ECONNRESET

Retrying 1/3...
read ECONNRESET

Retrying 1/3...
read ECONNRESET

Retrying 1/3...
read ECONNRESET

Retrying 1/3...
read ECONNRESET

Retrying 1/3...
read ECONNRESET

Retrying 1/3...
read ECONNRESET

Retrying 1/3...
read ECONNRESET

Retrying 1/3...
read ECONNRESET

Retrying 1/3...
read ECONNRESET

Retrying 1/3...
read ECONNRESET

Retrying 1/3...
read ECONNRESET

Retrying 1/3...
read ECONNRESET

Retrying 1/3...
read ECONNRESET

Retrying 1/3...
read ECONNRESET

Retrying 1/3...
read ECONNRESET

Retrying 1/3...
read ECONNRESET

Retrying 1/3...
read ECONNRESET

Retrying 1/3...
read ECONNRESET

Retrying 1/3...
read ECONNRESET

Retrying 1/3...
read ECONNRESET

Retrying 1/3...
read ECONNRESET

Retrying 1/3...
read ECONNRESET

Retrying 1/3...
read ECONNRESET

Retrying 1/3...


Retrying 2/3...


Retrying 2/3...


Retrying 2/3...


Retrying 2/3...


Retrying 2/3...


Retrying 2/3...
read ECONNRESET

Retrying 1/3...
read ECONNRESET

Retrying 1/3...


Retrying 2/3...


Retrying 2/3...


Retrying 2/3...


Retrying 2/3...


Retrying 2/3...


Retrying 2/3...


Retrying 2/3...


Retrying 2/3...
read ECONNRESET

Retrying 1/3...
read ECONNRESET

Retrying 1/3...


Retrying 2/3...


Retrying 2/3...


Retrying 2/3...


Retrying 2/3...


Retrying 2/3...


Retrying 2/3...
read ECONNRESET

Retrying 1/3...
read ECONNRESET

Retrying 1/3...
read ECONNRESET

Retrying 1/3...
read ECONNRESET

Retrying 1/3...


Retrying 2/3...


Retrying 2/3...
read ECONNRESET

Retrying 1/3...
read ECONNRESET

Retrying 1/3...
read ECONNRESET

Retrying 1/3...
read ECONNRESET

Retrying 1/3...
read ECONNRESET

Retrying 1/3...
read ECONNRESET

Retrying 1/3...
read ECONNRESET

Retrying 1/3...


Retrying 2/3...


Retrying 2/3...


Retrying 2/3...


Retrying 2/3...


Retrying 2/3...
read ECONNRESET

Retrying 1/3...
read ECONNRESET

Retrying 1/3...
read ECONNRESET

Retrying 1/3...


Retrying 2/3...


Retrying 2/3...


Retrying 2/3...


Retrying 2/3...


Retrying 2/3...


Retrying 3/3...


Retrying 3/3...


Retrying 3/3...


Retrying 3/3...


Retrying 3/3...


Retrying 3/3...


Retrying 3/3...


Retrying 2/3...


Retrying 2/3...


Retrying 2/3...


Retrying 2/3...


Retrying 2/3...


Retrying 2/3...
read ECONNRESET

Retrying 1/3...
read ECONNRESET

Retrying 1/3...


Retrying 2/3...


Retrying 2/3...


Retrying 2/3...


Retrying 2/3...


Retrying 2/3...


Retrying 2/3...


Retrying 2/3...


Retrying 3/3...


Retrying 3/3...


Retrying 3/3...


Retrying 3/3...


Retrying 3/3...


Retrying 3/3...


Retrying 3/3...
read ECONNRESET

Retrying 1/3...
read ECONNRESET

Retrying 1/3...
read ECONNRESET

Retrying 1/3...
read ECONNRESET

Retrying 1/3...
read ECONNRESET

Retrying 1/3...


Retrying 3/3...


Retrying 3/3...


Retrying 3/3...


Retrying 3/3...


Retrying 3/3...


Retrying 3/3...


Retrying 3/3...


Retrying 3/3...
read ECONNRESET

Retrying 1/3...
read ECONNRESET

Retrying 1/3...


Retrying 3/3...


Retrying 3/3...


Retrying 3/3...
read ECONNRESET

Retrying 1/3...
read ECONNRESET

Retrying 1/3...
read ECONNRESET

Retrying 1/3...
read ECONNRESET

Retrying 1/3...
read ECONNRESET

Retrying 1/3...
read ECONNRESET

Retrying 1/3...
read ECONNRESET

Retrying 1/3...
read ECONNRESET

Retrying 1/3...
read ECONNRESET

Retrying 1/3...


Retrying 3/3...
read ECONNRESET

Retrying 1/3...


Retrying 2/3...


Retrying 2/3...
read ECONNRESET

Retrying 1/3...
read ECONNRESET

Retrying 1/3...
read ECONNRESET

Retrying 1/3...


Retrying 2/3...
read ECONNRESET

Retrying 1/3...
read ECONNRESET

Retrying 1/3...
read ECONNRESET

Retrying 1/3...
read ECONNRESET

Retrying 1/3...
read ECONNRESET

Retrying 1/3...
read ECONNRESET

Retrying 1/3...
read ECONNRESET

Retrying 1/3...
read ECONNRESET

Retrying 1/3...
read ECONNRESET

Retrying 1/3...
read ECONNRESET

Retrying 1/3...
read ECONNRESET

Retrying 1/3...
read ECONNRESET

Retrying 1/3...


Retrying 3/3...


Retrying 3/3...


Retrying 3/3...


Retrying 3/3...


Retrying 2/3...


Retrying 2/3...
read ECONNRESET

Retrying 1/3...
read ECONNRESET

Retrying 1/3...
read ECONNRESET

Retrying 1/3...
read ECONNRESET

Retrying 1/3...
read ECONNRESET

Retrying 1/3...
read ECONNRESET

Retrying 1/3...


Retrying 2/3...


Retrying 2/3...


Retrying 2/3...


Retrying 2/3...


Retrying 3/3...


Retrying 3/3...


Retrying 3/3...


Retrying 3/3...


Retrying 2/3...
read ECONNRESET

Retrying 1/3...
read ECONNRESET

Retrying 1/3...
read ECONNRESET

Retrying 1/3...
read ECONNRESET

Retrying 1/3...
read ECONNRESET

Retrying 1/3...
read ECONNRESET

Retrying 1/3...


Retrying 2/3...


Retrying 2/3...


Retrying 2/3...


Retrying 2/3...


Retrying 2/3...


Retrying 2/3...
read ECONNRESET

Retrying 1/3...


Retrying 2/3...


Retrying 2/3...


Retrying 2/3...


Retrying 2/3...


Retrying 2/3...


Retrying 2/3...


Retrying 2/3...


Retrying 2/3...


Retrying 2/3...


Retrying 2/3...


Retrying 2/3...
read ECONNRESET

Retrying 1/3...
read ECONNRESET

Retrying 1/3...
read ECONNRESET

Retrying 1/3...
read ECONNRESET

Retrying 1/3...


Retrying 2/3...


Retrying 2/3...


Retrying 2/3...
[AggregateError: ] { code: 'ETIMEDOUT' }
[AggregateError: ] { code: 'ETIMEDOUT' }
[AggregateError: ] { code: 'ETIMEDOUT' }
[AggregateError: ] { code: 'ETIMEDOUT' }
[AggregateError: ] { code: 'ETIMEDOUT' }
[AggregateError: ] { code: 'ETIMEDOUT' }
[AggregateError: ] { code: 'ETIMEDOUT' }
read ECONNRESET

Retrying 1/3...
read ECONNRESET

Retrying 1/3...
read ECONNRESET

Retrying 1/3...
read ECONNRESET

Retrying 1/3...
read ECONNRESET

Retrying 1/3...
read ECONNRESET

Retrying 1/3...
read ECONNRESET

Retrying 1/3...
read ECONNRESET

Retrying 1/3...
read ECONNRESET

Retrying 1/3...
read ECONNRESET

Retrying 1/3...
read ECONNRESET

Retrying 1/3...
read ECONNRESET

Retrying 1/3...
read ECONNRESET

Retrying 1/3...
read ECONNRESET

Retrying 1/3...
read ECONNRESET

Retrying 1/3...
read ECONNRESET

Retrying 1/3...
read ECONNRESET

Retrying 1/3...


Retrying 3/3...
read ECONNRESET

Retrying 1/3...
read ECONNRESET

Retrying 1/3...
read ECONNRESET

Retrying 1/3...
read ECONNRESET

Retrying 1/3...
read ECONNRESET

Retrying 1/3...
read ECONNRESET

Retrying 1/3...
read ECONNRESET

Retrying 1/3...


Retrying 3/3...
read ECONNRESET

Retrying 1/3...


Retrying 3/3...
[AggregateError: ] { code: 'ETIMEDOUT' }
[AggregateError: ] { code: 'ETIMEDOUT' }
[AggregateError: ] { code: 'ETIMEDOUT' }
[AggregateError: ] { code: 'ETIMEDOUT' }
[AggregateError: ] { code: 'ETIMEDOUT' }
[AggregateError: ] { code: 'ETIMEDOUT' }
[AggregateError: ] { code: 'ETIMEDOUT' }


Retrying 2/3...


Retrying 2/3...


Retrying 2/3...


Retrying 2/3...
read ECONNRESET

Retrying 1/3...
read ECONNRESET

Retrying 1/3...
read ECONNRESET

Retrying 1/3...


Retrying 2/3...


Retrying 2/3...
read ECONNRESET

Retrying 1/3...
read ECONNRESET

Retrying 1/3...
read ECONNRESET

Retrying 1/3...
read ECONNRESET

Retrying 1/3...
read ECONNRESET

Retrying 1/3...
read ECONNRESET

Retrying 1/3...
read ECONNRESET

Retrying 1/3...
read ECONNRESET

Retrying 1/3...
[AggregateError: ] { code: 'ETIMEDOUT' }
[AggregateError: ] { code: 'ETIMEDOUT' }


Retrying 2/3...


Retrying 3/3...


Retrying 3/3...
[AggregateError: ] { code: 'ETIMEDOUT' }


Retrying 3/3...


Retrying 3/3...


Retrying 3/3...


Retrying 3/3...


Retrying 2/3...


Retrying 2/3...


Retrying 2/3...


Retrying 2/3...


Retrying 2/3...


Retrying 3/3...


Retrying 2/3...
read ECONNRESET

Retrying 1/3...
read ECONNRESET

Retrying 1/3...
read ECONNRESET

Retrying 1/3...
read ECONNRESET

Retrying 1/3...
read ECONNRESET

Retrying 1/3...
read ECONNRESET

Retrying 1/3...
[AggregateError: ] { code: 'ETIMEDOUT' }
[AggregateError: ] { code: 'ETIMEDOUT' }
[AggregateError: ] { code: 'ETIMEDOUT' }


Retrying 3/3...


Retrying 3/3...


Retrying 3/3...


Retrying 3/3...


Retrying 3/3...


Retrying 3/3...


Retrying 2/3...


Retrying 2/3...


Retrying 2/3...


Retrying 2/3...


Retrying 2/3...


Retrying 2/3...


Retrying 2/3...


Retrying 2/3...


Retrying 3/3...


Retrying 2/3...


Retrying 2/3...


Retrying 2/3...


Retrying 2/3...


Retrying 2/3...


Retrying 2/3...
[AggregateError: ] { code: 'ETIMEDOUT' }


Retrying 2/3...


Retrying 2/3...


Retrying 2/3...


Retrying 2/3...


Retrying 2/3...


Retrying 2/3...


Retrying 2/3...


Retrying 2/3...


Retrying 2/3...


Retrying 2/3...


Retrying 2/3...


Retrying 2/3...


Retrying 2/3...


Retrying 2/3...


Retrying 2/3...
read ECONNRESET

Retrying 1/3...


Retrying 3/3...


Retrying 3/3...


Retrying 3/3...


Retrying 3/3...


Retrying 3/3...


Retrying 3/3...


Retrying 3/3...


Retrying 3/3...


Retrying 3/3...


Retrying 3/3...


Retrying 3/3...


Retrying 3/3...


Retrying 3/3...
[AggregateError: ] { code: 'ETIMEDOUT' }
[AggregateError: ] { code: 'ETIMEDOUT' }
[AggregateError: ] { code: 'ETIMEDOUT' }
[AggregateError: ] { code: 'ETIMEDOUT' }
read ECONNRESET

Retrying 1/3...
read ECONNRESET

Retrying 1/3...
read ECONNRESET

Retrying 1/3...
read ECONNRESET

Retrying 1/3...
read ECONNRESET

Retrying 1/3...
read ECONNRESET

Retrying 1/3...
read ECONNRESET

Retrying 1/3...
read ECONNRESET

Retrying 1/3...
read ECONNRESET

Retrying 1/3...
read ECONNRESET

Retrying 1/3...
read ECONNRESET

Retrying 1/3...
read ECONNRESET

Retrying 1/3...
read ECONNRESET

Retrying 1/3...
read ECONNRESET

Retrying 1/3...
read ECONNRESET

Retrying 1/3...
read ECONNRESET

Retrying 1/3...
read ECONNRESET

Retrying 1/3...
read ECONNRESET

Retrying 1/3...
read ECONNRESET

Retrying 1/3...
read ECONNRESET

Retrying 1/3...
read ECONNRESET

Retrying 1/3...
read ECONNRESET

Retrying 1/3...
read ECONNRESET

Retrying 1/3...
read ECONNRESET

Retrying 1/3...
read ECONNRESET

Retrying 1/3...
read ECONNRESET

Retrying 1/3...
read ECONNRESET

Retrying 1/3...
read ECONNRESET

Retrying 1/3...
read ECONNRESET

Retrying 1/3...
read ECONNRESET

Retrying 1/3...
read ECONNRESET

Retrying 1/3...
read ECONNRESET

Retrying 1/3...
read ECONNRESET

Retrying 1/3...
read ECONNRESET

Retrying 1/3...
read ECONNRESET

Retrying 1/3...
read ECONNRESET

Retrying 1/3...
read ECONNRESET

Retrying 1/3...
read ECONNRESET

Retrying 1/3...
read ECONNRESET

Retrying 1/3...
read ECONNRESET

Retrying 1/3...
read ECONNRESET

Retrying 1/3...
read ECONNRESET

Retrying 1/3...
read ECONNRESET

Retrying 1/3...
read ECONNRESET

Retrying 1/3...
read ECONNRESET

Retrying 1/3...
read ECONNRESET

Retrying 1/3...
read ECONNRESET

Retrying 1/3...
read ECONNRESET

Retrying 1/3...
read ECONNRESET

Retrying 1/3...
read ECONNRESET

Retrying 1/3...
read ECONNRESET

Retrying 1/3...
read ECONNRESET

Retrying 1/3...
read ECONNRESET

Retrying 1/3...
read ECONNRESET

Retrying 1/3...
read ECONNRESET

Retrying 1/3...
read ECONNRESET

Retrying 1/3...
read ECONNRESET

Retrying 1/3...
read ECONNRESET

Retrying 1/3...
read ECONNRESET

Retrying 1/3...
read ECONNRESET

Retrying 1/3...
read ECONNRESET

Retrying 1/3...
read ECONNRESET

Retrying 1/3...
read ECONNRESET

Retrying 1/3...
read ECONNRESET

Retrying 1/3...
read ECONNRESET

Retrying 1/3...
read ECONNRESET

Retrying 1/3...
read ECONNRESET

Retrying 1/3...
read ECONNRESET

Retrying 1/3...
read ECONNRESET

Retrying 1/3...
read ECONNRESET

Retrying 1/3...
read ECONNRESET

Retrying 1/3...
read ECONNRESET

Retrying 1/3...


Retrying 2/3...


Retrying 2/3...


Retrying 2/3...


Retrying 2/3...


Retrying 2/3...


Retrying 2/3...


Retrying 2/3...


Retrying 2/3...


Retrying 2/3...


Retrying 2/3...


Retrying 2/3...


Retrying 3/3...


Retrying 3/3...


Retrying 3/3...


Retrying 3/3...


Retrying 3/3...


Retrying 3/3...


Retrying 2/3...


Retrying 2/3...


Retrying 2/3...


Retrying 2/3...


Retrying 2/3...


Retrying 2/3...


Retrying 3/3...
[AggregateError: ] { code: 'ETIMEDOUT' }
[AggregateError: ] { code: 'ETIMEDOUT' }
[AggregateError: ] { code: 'ETIMEDOUT' }


Retrying 3/3...


Retrying 3/3...


Retrying 3/3...


Retrying 3/3...


Retrying 3/3...


Retrying 3/3...


Retrying 3/3...


Retrying 2/3...


Retrying 3/3...


Retrying 3/3...


Retrying 3/3...


Retrying 3/3...


Retrying 3/3...


Retrying 3/3...


Retrying 3/3...


Retrying 3/3...


Retrying 3/3...


Retrying 3/3...


Retrying 3/3...


Retrying 3/3...


Retrying 3/3...


Retrying 3/3...


Retrying 3/3...


Retrying 3/3...


Retrying 3/3...


Retrying 3/3...


Retrying 3/3...


Retrying 3/3...


Retrying 3/3...


Retrying 3/3...


Retrying 3/3...


Retrying 3/3...


Retrying 3/3...


Retrying 3/3...


Retrying 3/3...


Retrying 3/3...
[AggregateError: ] { code: 'ETIMEDOUT' }
[AggregateError: ] { code: 'ETIMEDOUT' }
[AggregateError: ] { code: 'ETIMEDOUT' }
[AggregateError: ] { code: 'ETIMEDOUT' }
[AggregateError: ] { code: 'ETIMEDOUT' }
[AggregateError: ] { code: 'ETIMEDOUT' }
[AggregateError: ] { code: 'ETIMEDOUT' }
[AggregateError: ] { code: 'ETIMEDOUT' }
[AggregateError: ] { code: 'ETIMEDOUT' }
[AggregateError: ] { code: 'ETIMEDOUT' }
[AggregateError: ] { code: 'ETIMEDOUT' }
[AggregateError: ] { code: 'ETIMEDOUT' }
[AggregateError: ] { code: 'ETIMEDOUT' }
[AggregateError: ] { code: 'ETIMEDOUT' }
[AggregateError: ] { code: 'ETIMEDOUT' }
[AggregateError: ] { code: 'ETIMEDOUT' }
[AggregateError: ] { code: 'ETIMEDOUT' }
[AggregateError: ] { code: 'ETIMEDOUT' }
[AggregateError: ] { code: 'ETIMEDOUT' }
[AggregateError: ] { code: 'ETIMEDOUT' }
[AggregateError: ] { code: 'ETIMEDOUT' }
[AggregateError: ] { code: 'ETIMEDOUT' }
[AggregateError: ] { code: 'ETIMEDOUT' }
[AggregateError: ] { code: 'ETIMEDOUT' }
[AggregateError: ] { code: 'ETIMEDOUT' }
[AggregateError: ] { code: 'ETIMEDOUT' }
[AggregateError: ] { code: 'ETIMEDOUT' }


Retrying 2/3...


Retrying 2/3...


Retrying 2/3...


Retrying 2/3...


Retrying 2/3...


Retrying 2/3...


Retrying 2/3...


Retrying 2/3...


Retrying 2/3...


Retrying 2/3...


Retrying 2/3...


Retrying 2/3...


Retrying 2/3...


Retrying 2/3...


Retrying 2/3...


Retrying 2/3...


Retrying 2/3...


Retrying 2/3...


Retrying 2/3...


Retrying 2/3...


Retrying 2/3...


Retrying 2/3...


Retrying 2/3...


Retrying 2/3...


Retrying 2/3...


Retrying 2/3...


Retrying 2/3...


Retrying 2/3...


Retrying 2/3...


Retrying 2/3...


Retrying 2/3...


Retrying 2/3...


Retrying 2/3...


Retrying 2/3...


Retrying 2/3...


Retrying 2/3...


Retrying 2/3...


Retrying 2/3...


Retrying 2/3...


Retrying 2/3...


Retrying 2/3...


Retrying 2/3...


Retrying 2/3...


Retrying 2/3...


Retrying 2/3...


Retrying 2/3...


Retrying 2/3...


Retrying 2/3...


Retrying 2/3...


Retrying 2/3...


Retrying 2/3...


Retrying 3/3...


Retrying 3/3...


Retrying 3/3...


Retrying 3/3...


Retrying 3/3...


Retrying 3/3...


Retrying 3/3...


Retrying 3/3...


Retrying 3/3...


Retrying 3/3...


Retrying 3/3...


Retrying 3/3...


Retrying 3/3...


Retrying 3/3...


Retrying 3/3...


Retrying 3/3...


Retrying 3/3...
[AggregateError: ] { code: 'ETIMEDOUT' }
[AggregateError: ] { code: 'ETIMEDOUT' }
[AggregateError: ] { code: 'ETIMEDOUT' }
[AggregateError: ] { code: 'ETIMEDOUT' }
[AggregateError: ] { code: 'ETIMEDOUT' }
[AggregateError: ] { code: 'ETIMEDOUT' }
[AggregateError: ] { code: 'ETIMEDOUT' }


Retrying 3/3...
[AggregateError: ] { code: 'ETIMEDOUT' }
[AggregateError: ] { code: 'ETIMEDOUT' }
[AggregateError: ] { code: 'ETIMEDOUT' }
[AggregateError: ] { code: 'ETIMEDOUT' }
[AggregateError: ] { code: 'ETIMEDOUT' }
[AggregateError: ] { code: 'ETIMEDOUT' }
[AggregateError: ] { code: 'ETIMEDOUT' }
[AggregateError: ] { code: 'ETIMEDOUT' }
[AggregateError: ] { code: 'ETIMEDOUT' }
[AggregateError: ] { code: 'ETIMEDOUT' }
[AggregateError: ] { code: 'ETIMEDOUT' }
[AggregateError: ] { code: 'ETIMEDOUT' }
[AggregateError: ] { code: 'ETIMEDOUT' }
[AggregateError: ] { code: 'ETIMEDOUT' }
[AggregateError: ] { code: 'ETIMEDOUT' }
[AggregateError: ] { code: 'ETIMEDOUT' }
[AggregateError: ] { code: 'ETIMEDOUT' }
[AggregateError: ] { code: 'ETIMEDOUT' }
[AggregateError: ] { code: 'ETIMEDOUT' }
[AggregateError: ] { code: 'ETIMEDOUT' }
[AggregateError: ] { code: 'ETIMEDOUT' }
[AggregateError: ] { code: 'ETIMEDOUT' }
[AggregateError: ] { code: 'ETIMEDOUT' }
[AggregateError: ] { code: 'ETIMEDOUT' }
[AggregateError: ] { code: 'ETIMEDOUT' }
[AggregateError: ] { code: 'ETIMEDOUT' }
[AggregateError: ] { code: 'ETIMEDOUT' }
[AggregateError: ] { code: 'ETIMEDOUT' }
[AggregateError: ] { code: 'ETIMEDOUT' }
[AggregateError: ] { code: 'ETIMEDOUT' }
read ECONNRESET

Retrying 1/3...
read ECONNRESET

Retrying 1/3...
read ECONNRESET

Retrying 1/3...
read ECONNRESET

Retrying 1/3...
read ECONNRESET

Retrying 1/3...
read ECONNRESET

Retrying 1/3...
read ECONNRESET

Retrying 1/3...
read ECONNRESET

Retrying 1/3...
read ECONNRESET

Retrying 1/3...
read ECONNRESET

Retrying 1/3...
read ECONNRESET

Retrying 1/3...
read ECONNRESET

Retrying 1/3...
read ECONNRESET

Retrying 1/3...
read ECONNRESET

Retrying 1/3...
read ECONNRESET

Retrying 1/3...
read ECONNRESET

Retrying 1/3...
read ECONNRESET

Retrying 1/3...
read ECONNRESET

Retrying 1/3...
read ECONNRESET

Retrying 1/3...
read ECONNRESET

Retrying 1/3...
read ECONNRESET

Retrying 1/3...
read ECONNRESET

Retrying 1/3...
read ECONNRESET

Retrying 1/3...
read ECONNRESET

Retrying 1/3...
read ECONNRESET

Retrying 1/3...
read ECONNRESET

Retrying 1/3...
read ECONNRESET

Retrying 1/3...
read ECONNRESET

Retrying 1/3...
read ECONNRESET

Retrying 1/3...
read ECONNRESET

Retrying 1/3...
read ECONNRESET

Retrying 1/3...


Retrying 3/3...


Retrying 3/3...


Retrying 3/3...


Retrying 3/3...


Retrying 3/3...


Retrying 3/3...


Retrying 3/3...


Retrying 3/3...


Retrying 3/3...


Retrying 3/3...


Retrying 3/3...


Retrying 3/3...


Retrying 3/3...


Retrying 3/3...


Retrying 3/3...


Retrying 3/3...


Retrying 3/3...


Retrying 3/3...


Retrying 3/3...


Retrying 3/3...


Retrying 3/3...


Retrying 3/3...


Retrying 3/3...


Retrying 3/3...


Retrying 3/3...


Retrying 3/3...


Retrying 3/3...


Retrying 3/3...


Retrying 3/3...


Retrying 3/3...


Retrying 3/3...


Retrying 3/3...


Retrying 3/3...


Retrying 3/3...


Retrying 3/3...


Retrying 3/3...


Retrying 3/3...


Retrying 3/3...


Retrying 3/3...


Retrying 3/3...


Retrying 3/3...


Retrying 3/3...


Retrying 3/3...


Retrying 3/3...


Retrying 3/3...


Retrying 3/3...
[AggregateError: ] { code: 'ETIMEDOUT' }
[AggregateError: ] { code: 'ETIMEDOUT' }
[AggregateError: ] { code: 'ETIMEDOUT' }
[AggregateError: ] { code: 'ETIMEDOUT' }
[AggregateError: ] { code: 'ETIMEDOUT' }
[AggregateError: ] { code: 'ETIMEDOUT' }
[AggregateError: ] { code: 'ETIMEDOUT' }
[AggregateError: ] { code: 'ETIMEDOUT' }
[AggregateError: ] { code: 'ETIMEDOUT' }
[AggregateError: ] { code: 'ETIMEDOUT' }
[AggregateError: ] { code: 'ETIMEDOUT' }
[AggregateError: ] { code: 'ETIMEDOUT' }
[AggregateError: ] { code: 'ETIMEDOUT' }
[AggregateError: ] { code: 'ETIMEDOUT' }
[AggregateError: ] { code: 'ETIMEDOUT' }
[AggregateError: ] { code: 'ETIMEDOUT' }
[AggregateError: ] { code: 'ETIMEDOUT' }
[AggregateError: ] { code: 'ETIMEDOUT' }


Retrying 2/3...


Retrying 2/3...


Retrying 2/3...


Retrying 2/3...


Retrying 2/3...


Retrying 2/3...


Retrying 2/3...


Retrying 2/3...


Retrying 2/3...


Retrying 2/3...


Retrying 2/3...


Retrying 2/3...


Retrying 2/3...


Retrying 2/3...


Retrying 2/3...


Retrying 2/3...


Retrying 2/3...


Retrying 2/3...


Retrying 2/3...


Retrying 2/3...


Retrying 2/3...


Retrying 2/3...


Retrying 2/3...


Retrying 2/3...


Retrying 2/3...


Retrying 2/3...
Failed to compile.

app\(landing)\layout.tsx
`next/font` error:
Failed to fetch `Gowun Batang` from Google Fonts.

app\onboarding\layout.tsx
`next/font` error:
Failed to fetch `Gowun Batang` from Google Fonts.

app\(landing)\layout.tsx
An error occurred in `next/font`.

NextFontError: Failed to fetch `Gowun Batang` from Google Fonts.
    at nextFontError (C:\Users\aleja\Documents\0-dev\denta-pro\node_modules\next\dist\compiled\@next\font\dist\next-font-error.js:8:17)
    at C:\Users\aleja\Documents\0-dev\denta-pro\node_modules\next\dist\compiled\@next\font\dist\google\loader.js:120:53
    at process.processTicksAndRejections (node:internal/process/task_queues:105:5)
    at async Promise.all (index 1)
    at async nextFontGoogleFontLoader (C:\Users\aleja\Documents\0-dev\denta-pro\node_modules\next\dist\compiled\@next\font\dist\google\loader.js:104:33)
    at async Span.traceAsyncFn (C:\Users\aleja\Documents\0-dev\denta-pro\node_modules\next\dist\trace\trace.js:157:20)
    at async C:\Users\aleja\Documents\0-dev\denta-pro\node_modules\next\dist\build\webpack\loaders\next-font-loader\index.js:84:87
    at async Span.traceAsyncFn (C:\Users\aleja\Documents\0-dev\denta-pro\node_modules\next\dist\trace\trace.js:157:20)
    at tryRunOrWebpackError (C:\Users\aleja\Documents\0-dev\denta-pro\node_modules\next\dist\compiled\webpack\bundle5.js:29:316119)
    at __webpack_require_module__ (C:\Users\aleja\Documents\0-dev\denta-pro\node_modules\next\dist\compiled\webpack\bundle5.js:29:131532)
    at __nested_webpack_require_161494__ (C:\Users\aleja\Documents\0-dev\denta-pro\node_modules\next\dist\compiled\webpack\bundle5.js:29:130967)
    at C:\Users\aleja\Documents\0-dev\denta-pro\node_modules\next\dist\compiled\webpack\bundle5.js:29:131824
    at symbolIterator (C:\Users\aleja\Documents\0-dev\denta-pro\node_modules\next\dist\compiled\neo-async\async.js:1:14444)
    at done (C:\Users\aleja\Documents\0-dev\denta-pro\node_modules\next\dist\compiled\neo-async\async.js:1:14824)
    at Hook.eval [as callAsync] (eval at create (C:\Users\aleja\Documents\0-dev\denta-pro\node_modules\next\dist\compiled\webpack\bundle5.js:14:9224), <anonymous>:15:1)
    at C:\Users\aleja\Documents\0-dev\denta-pro\node_modules\next\dist\compiled\webpack\bundle5.js:29:130687
    at symbolIterator (C:\Users\aleja\Documents\0-dev\denta-pro\node_modules\next\dist\compiled\neo-async\async.js:1:14402)
    at timesSync (C:\Users\aleja\Documents\0-dev\denta-pro\node_modules\next\dist\compiled\neo-async\async.js:1:5027)
-- inner error --
NextFontError: Failed to fetch `Gowun Batang` from Google Fonts.
    at nextFontError (C:\Users\aleja\Documents\0-dev\denta-pro\node_modules\next\dist\compiled\@next\font\dist\next-font-error.js:8:17)
    at C:\Users\aleja\Documents\0-dev\denta-pro\node_modules\next\dist\compiled\@next\font\dist\google\loader.js:120:53
    at process.processTicksAndRejections (node:internal/process/task_queues:105:5)
    at async Promise.all (index 1)
    at async nextFontGoogleFontLoader (C:\Users\aleja\Documents\0-dev\denta-pro\node_modules\next\dist\compiled\@next\font\dist\google\loader.js:104:33)
    at async Span.traceAsyncFn (C:\Users\aleja\Documents\0-dev\denta-pro\node_modules\next\dist\trace\trace.js:157:20)
    at async C:\Users\aleja\Documents\0-dev\denta-pro\node_modules\next\dist\build\webpack\loaders\next-font-loader\index.js:84:87
    at async Span.traceAsyncFn (C:\Users\aleja\Documents\0-dev\denta-pro\node_modules\next\dist\trace\trace.js:157:20)
    at Object.<anonymous> (C:\Users\aleja\Documents\0-dev\denta-pro\node_modules\next\dist\build\webpack\loaders\css-loader\src\index.js??ruleSet[1].rules[14].oneOf[2].use[1]!C:\Users\aleja\Documents\0-dev\denta-pro\node_modules\next\dist\build\webpack\loaders\next-font-loader\index.js??ruleSet[1].rules[14].oneOf[2].use[2]!C:\Users\aleja\Documents\0-dev\denta-pro\node_modules\next\font\google\target.css?{"path":"app\\(landing)\\layout.tsx","import":"Gowun_Batang","arguments":[{"weight":["400","700"],"subsets":["latin"],"variable":"--font-text"}],"variableName":"gowunBatang"}:1:7)
    at C:\Users\aleja\Documents\0-dev\denta-pro\node_modules\next\dist\compiled\webpack\bundle5.js:29:962717
    at Hook.eval [as call] (eval at create (C:\Users\aleja\Documents\0-dev\denta-pro\node_modules\next\dist\compiled\webpack\bundle5.js:14:9002), <anonymous>:7:1)
    at C:\Users\aleja\Documents\0-dev\denta-pro\node_modules\next\dist\compiled\webpack\bundle5.js:29:131565
    at tryRunOrWebpackError (C:\Users\aleja\Documents\0-dev\denta-pro\node_modules\next\dist\compiled\webpack\bundle5.js:29:316073)
    at __webpack_require_module__ (C:\Users\aleja\Documents\0-dev\denta-pro\node_modules\next\dist\compiled\webpack\bundle5.js:29:131532)
    at __nested_webpack_require_161494__ (C:\Users\aleja\Documents\0-dev\denta-pro\node_modules\next\dist\compiled\webpack\bundle5.js:29:130967)
    at C:\Users\aleja\Documents\0-dev\denta-pro\node_modules\next\dist\compiled\webpack\bundle5.js:29:131824
    at symbolIterator (C:\Users\aleja\Documents\0-dev\denta-pro\node_modules\next\dist\compiled\neo-async\async.js:1:14444)
    at done (C:\Users\aleja\Documents\0-dev\denta-pro\node_modules\next\dist\compiled\neo-async\async.js:1:14824)

Generated code for C:\Users\aleja\Documents\0-dev\denta-pro\node_modules\next\dist\build\webpack\loaders\css-loader\src\index.js??ruleSet[1].rules[14].oneOf[2].use[1]!C:\Users\aleja\Documents\0-dev\denta-pro\node_modules\next\dist\build\webpack\loaders\next-font-loader\index.js??ruleSet[1].rules[14].oneOf[2].use[2]!C:\Users\aleja\Documents\0-dev\denta-pro\node_modules\next\font\google\target.css?{"path":"app\\(landing)\\layout.tsx","import":"Gowun_Batang","arguments":[{"weight":["400","700"],"subsets":["latin"],"variable":"--font-text"}],"variableName":"gowunBatang"}

app\onboarding\layout.tsx
An error occurred in `next/font`.

NextFontError: Failed to fetch `Gowun Batang` from Google Fonts.
    at nextFontError (C:\Users\aleja\Documents\0-dev\denta-pro\node_modules\next\dist\compiled\@next\font\dist\next-font-error.js:8:17)
    at C:\Users\aleja\Documents\0-dev\denta-pro\node_modules\next\dist\compiled\@next\font\dist\google\loader.js:120:53
    at process.processTicksAndRejections (node:internal/process/task_queues:105:5)
    at async Promise.all (index 58)
    at async nextFontGoogleFontLoader (C:\Users\aleja\Documents\0-dev\denta-pro\node_modules\next\dist\compiled\@next\font\dist\google\loader.js:104:33)
    at async Span.traceAsyncFn (C:\Users\aleja\Documents\0-dev\denta-pro\node_modules\next\dist\trace\trace.js:157:20)
    at async C:\Users\aleja\Documents\0-dev\denta-pro\node_modules\next\dist\build\webpack\loaders\next-font-loader\index.js:84:87
    at async Span.traceAsyncFn (C:\Users\aleja\Documents\0-dev\denta-pro\node_modules\next\dist\trace\trace.js:157:20)
    at tryRunOrWebpackError (C:\Users\aleja\Documents\0-dev\denta-pro\node_modules\next\dist\compiled\webpack\bundle5.js:29:316119)
    at __webpack_require_module__ (C:\Users\aleja\Documents\0-dev\denta-pro\node_modules\next\dist\compiled\webpack\bundle5.js:29:131532)
    at __nested_webpack_require_161494__ (C:\Users\aleja\Documents\0-dev\denta-pro\node_modules\next\dist\compiled\webpack\bundle5.js:29:130967)
    at C:\Users\aleja\Documents\0-dev\denta-pro\node_modules\next\dist\compiled\webpack\bundle5.js:29:131824
    at symbolIterator (C:\Users\aleja\Documents\0-dev\denta-pro\node_modules\next\dist\compiled\neo-async\async.js:1:14444)
    at done (C:\Users\aleja\Documents\0-dev\denta-pro\node_modules\next\dist\compiled\neo-async\async.js:1:14824)
    at Hook.eval [as callAsync] (eval at create (C:\Users\aleja\Documents\0-dev\denta-pro\node_modules\next\dist\compiled\webpack\bundle5.js:14:9224), <anonymous>:15:1)
    at C:\Users\aleja\Documents\0-dev\denta-pro\node_modules\next\dist\compiled\webpack\bundle5.js:29:130687
    at symbolIterator (C:\Users\aleja\Documents\0-dev\denta-pro\node_modules\next\dist\compiled\neo-async\async.js:1:14402)
    at timesSync (C:\Users\aleja\Documents\0-dev\denta-pro\node_modules\next\dist\compiled\neo-async\async.js:1:5027)
-- inner error --
NextFontError: Failed to fetch `Gowun Batang` from Google Fonts.
    at nextFontError (C:\Users\aleja\Documents\0-dev\denta-pro\node_modules\next\dist\compiled\@next\font\dist\next-font-error.js:8:17)
    at C:\Users\aleja\Documents\0-dev\denta-pro\node_modules\next\dist\compiled\@next\font\dist\google\loader.js:120:53
    at process.processTicksAndRejections (node:internal/process/task_queues:105:5)
    at async Promise.all (index 58)
    at async nextFontGoogleFontLoader (C:\Users\aleja\Documents\0-dev\denta-pro\node_modules\next\dist\compiled\@next\font\dist\google\loader.js:104:33)
    at async Span.traceAsyncFn (C:\Users\aleja\Documents\0-dev\denta-pro\node_modules\next\dist\trace\trace.js:157:20)
    at async C:\Users\aleja\Documents\0-dev\denta-pro\node_modules\next\dist\build\webpack\loaders\next-font-loader\index.js:84:87
    at async Span.traceAsyncFn (C:\Users\aleja\Documents\0-dev\denta-pro\node_modules\next\dist\trace\trace.js:157:20)
    at Object.<anonymous> (C:\Users\aleja\Documents\0-dev\denta-pro\node_modules\next\dist\build\webpack\loaders\css-loader\src\index.js??ruleSet[1].rules[14].oneOf[2].use[1]!C:\Users\aleja\Documents\0-dev\denta-pro\node_modules\next\dist\build\webpack\loaders\next-font-loader\index.js??ruleSet[1].rules[14].oneOf[2].use[2]!C:\Users\aleja\Documents\0-dev\denta-pro\node_modules\next\font\google\target.css?{"path":"app\\onboarding\\layout.tsx","import":"Gowun_Batang","arguments":[{"weight":["400","700"],"subsets":["latin"],"variable":"--font-text"}],"variableName":"gowunBatang"}:1:7)
    at C:\Users\aleja\Documents\0-dev\denta-pro\node_modules\next\dist\compiled\webpack\bundle5.js:29:962717
    at Hook.eval [as call] (eval at create (C:\Users\aleja\Documents\0-dev\denta-pro\node_modules\next\dist\compiled\webpack\bundle5.js:14:9002), <anonymous>:7:1)
    at C:\Users\aleja\Documents\0-dev\denta-pro\node_modules\next\dist\compiled\webpack\bundle5.js:29:131565
    at tryRunOrWebpackError (C:\Users\aleja\Documents\0-dev\denta-pro\node_modules\next\dist\compiled\webpack\bundle5.js:29:316073)
    at __webpack_require_module__ (C:\Users\aleja\Documents\0-dev\denta-pro\node_modules\next\dist\compiled\webpack\bundle5.js:29:131532)
    at __nested_webpack_require_161494__ (C:\Users\aleja\Documents\0-dev\denta-pro\node_modules\next\dist\compiled\webpack\bundle5.js:29:130967)
    at C:\Users\aleja\Documents\0-dev\denta-pro\node_modules\next\dist\compiled\webpack\bundle5.js:29:131824
    at symbolIterator (C:\Users\aleja\Documents\0-dev\denta-pro\node_modules\next\dist\compiled\neo-async\async.js:1:14444)
    at done (C:\Users\aleja\Documents\0-dev\denta-pro\node_modules\next\dist\compiled\neo-async\async.js:1:14824)

Generated code for C:\Users\aleja\Documents\0-dev\denta-pro\node_modules\next\dist\build\webpack\loaders\css-loader\src\index.js??ruleSet[1].rules[14].oneOf[2].use[1]!C:\Users\aleja\Documents\0-dev\denta-pro\node_modules\next\dist\build\webpack\loaders\next-font-loader\index.js??ruleSet[1].rules[14].oneOf[2].use[2]!C:\Users\aleja\Documents\0-dev\denta-pro\node_modules\next\font\google\target.css?{"path":"app\\onboarding\\layout.tsx","import":"Gowun_Batang","arguments":[{"weight":["400","700"],"subsets":["latin"],"variable":"--font-text"}],"variableName":"gowunBatang"}


> Build failed because of webpack errors
